#
# There is insufficient memory for the Java Runtime Environment to continue.
# Native memory allocation (malloc) failed to allocate 1122368 bytes for Chunk::new
# Possible reasons:
#   The system is out of physical RAM or swap space
#   In 32 bit mode, the process size limit was hit
# Possible solutions:
#   Reduce memory load on the system
#   Increase physical memory or swap space
#   Check if swap backing store is full
#   Use 64 bit Java on a 64 bit OS
#   Decrease Java heap size (-Xmx/-Xms)
#   Decrease number of Java threads
#   Decrease Java thread stack sizes (-Xss)
#   Set larger code cache with -XX:ReservedCodeCacheSize=
# This output file may be truncated or incomplete.
#
#  Out of Memory Error (allocation.cpp:390), pid=12996, tid=10128
#
# JRE version: Java(TM) SE Runtime Environment (8.0_45-b15) (build 1.8.0_45-b15)
# Java VM: Java HotSpot(TM) 64-Bit Server VM (25.45-b02 mixed mode windows-amd64 compressed oops)
# Failed to write core dump. Minidumps are not enabled by default on client versions of Windows
#

---------------  T H R E A D  ---------------

Current thread (0x000000001789b800):  JavaThread "C2 CompilerThread1" daemon [_thread_in_native, id=10128, stack(0x0000000018ef0000,0x0000000018ff0000)]

Stack: [0x0000000018ef0000,0x0000000018ff0000]
Native frames: (J=compiled Java code, j=interpreted, Vv=VM code, C=native code)
V  [jvm.dll+0x32b57a]
V  [jvm.dll+0x279873]
V  [jvm.dll+0x27a509]
V  [jvm.dll+0x271825]
V  [jvm.dll+0xcb9e2]
V  [jvm.dll+0xcbeac]
V  [jvm.dll+0x4929e7]
V  [jvm.dll+0x45f6ff]
V  [jvm.dll+0x46a73b]
V  [jvm.dll+0x46cd52]
V  [jvm.dll+0x4500f2]
V  [jvm.dll+0xa4352]
V  [jvm.dll+0xa4c8f]
V  [jvm.dll+0x241984]
V  [jvm.dll+0x29853a]
C  [msvcr100.dll+0x21d9f]
C  [msvcr100.dll+0x21e3b]
C  [KERNEL32.DLL+0x13d2]
C  [ntdll.dll+0x154f4]


Current CompileTask:
C2:  12548 5018       4       org.json.JSONObject::<init> (165 bytes)


---------------  P R O C E S S  ---------------

Java Threads: ( => current thread )
  0x000000001bf75800 JavaThread "TimerQueue" daemon [_thread_blocked, id=12864, stack(0x000000001d860000,0x000000001d960000)]
  0x000000001a09a000 JavaThread "Image Fetcher 0" daemon [_thread_blocked, id=1756, stack(0x000000001c950000,0x000000001ca50000)]
  0x0000000002c50800 JavaThread "DestroyJavaVM" [_thread_blocked, id=9660, stack(0x0000000002b50000,0x0000000002c50000)]
  0x0000000019eda800 JavaThread "AWT-EventQueue-0" [_thread_in_Java, id=5732, stack(0x000000001ab80000,0x000000001ac80000)]
  0x0000000019ed5800 JavaThread "AWT-Windows" daemon [_thread_in_native, id=10016, stack(0x000000001a6f0000,0x000000001a7f0000)]
  0x0000000019ed4800 JavaThread "AWT-Shutdown" [_thread_blocked, id=8288, stack(0x000000001a5f0000,0x000000001a6f0000)]
  0x0000000019ee2800 JavaThread "Java2D Disposer" daemon [_thread_blocked, id=10312, stack(0x000000001a4f0000,0x000000001a5f0000)]
  0x0000000019163800 JavaThread "Service Thread" daemon [_thread_blocked, id=10040, stack(0x00000000194f0000,0x00000000195f0000)]
  0x00000000178e8000 JavaThread "C1 CompilerThread2" daemon [_thread_in_vm, id=7124, stack(0x0000000018ff0000,0x00000000190f0000)]
=>0x000000001789b800 JavaThread "C2 CompilerThread1" daemon [_thread_in_native, id=10128, stack(0x0000000018ef0000,0x0000000018ff0000)]
  0x0000000017896000 JavaThread "C2 CompilerThread0" daemon [_thread_in_native, id=8996, stack(0x0000000018df0000,0x0000000018ef0000)]
  0x00000000178e5000 JavaThread "Attach Listener" daemon [_thread_blocked, id=13836, stack(0x0000000018cf0000,0x0000000018df0000)]
  0x00000000178e4800 JavaThread "Signal Dispatcher" daemon [_thread_blocked, id=9064, stack(0x0000000018bf0000,0x0000000018cf0000)]
  0x0000000002d46000 JavaThread "Finalizer" daemon [_thread_blocked, id=10008, stack(0x0000000018af0000,0x0000000018bf0000)]
  0x0000000002d3d000 JavaThread "Reference Handler" daemon [_thread_blocked, id=14212, stack(0x00000000189f0000,0x0000000018af0000)]

Other Threads:
  0x0000000017857800 VMThread [stack: 0x00000000188f0000,0x00000000189f0000] [id=11396]
  0x0000000019174800 WatcherThread [stack: 0x00000000195f0000,0x00000000196f0000] [id=9684]

VM state:not at safepoint (normal execution)

VM Mutex/Monitor currently owned by a thread:  ([mutex/lock_event])
[0x000000000132ba80] CodeCache_lock - owner thread: 0x00000000178e8000
[0x000000000132e760] Compile_lock - owner thread: 0x00000000178e8000
[0x000000000132e660] MethodCompileQueue_lock - owner thread: 0x00000000178e8000

Heap:
 PSYoungGen      total 377344K, used 21817K [0x00000000d5e00000, 0x00000000ee300000, 0x0000000100000000)
  eden space 364544K, 4% used [0x00000000d5e00000,0x00000000d6f72718,0x00000000ec200000)
  from space 12800K, 30% used [0x00000000ec200000,0x00000000ec5dbee0,0x00000000ece80000)
  to   space 12288K, 0% used [0x00000000ece80000,0x00000000ece80000,0x00000000eda80000)
 ParOldGen       total 97792K, used 97441K [0x0000000081a00000, 0x0000000087980000, 0x00000000d5e00000)
  object space 97792K, 99% used [0x0000000081a00000,0x0000000087928630,0x0000000087980000)
 Metaspace       used 36725K, capacity 38400K, committed 38696K, reserved 1083392K
  class space    used 4621K, capacity 5368K, committed 5424K, reserved 1048576K

Card table byte_map: [0x0000000012110000,0x0000000012510000] byte_map_base: 0x0000000011d03000

Marking Bits: (ParMarkBitMap*) 0x000000005c3a4040
 Begin Bits: [0x0000000012bc0000, 0x0000000014b58000)
 End Bits:   [0x0000000014b58000, 0x0000000016af0000)

Polling page: 0x0000000001310000

CodeCache: size=245760Kb used=15458Kb max_used=15458Kb free=230301Kb
 bounds [0x0000000002d50000, 0x0000000003c80000, 0x0000000011d50000]
 total_blobs=5451 nmethods=4807 adapters=554
 compilation: enabled

Compilation events (10 events):
Event: 12.476 Thread 0x00000000178e8000 nmethod 5274 0x0000000003c37110 code [0x0000000003c372e0, 0x0000000003c376d8]
Event: 12.476 Thread 0x00000000178e8000 5278       2       java.io.ObjectInputStream$BlockDataInputStream::readInt (73 bytes)
Event: 12.476 Thread 0x00000000178e8000 nmethod 5278 0x0000000003c37bd0 code [0x0000000003c37d40, 0x0000000003c37f68]
Event: 12.476 Thread 0x00000000178e8000 5275   !   2       java.io.ObjectInputStream::readOrdinaryObject (277 bytes)
Event: 12.478 Thread 0x00000000178e8000 nmethod 5275 0x0000000003c38090 code [0x0000000003c38340, 0x0000000003c38c48]
Event: 12.478 Thread 0x00000000178e8000 5280 %     3       java.io.ObjectOutputStream$BlockDataOutputStream::getUTFLength @ 47 (124 bytes)
Event: 12.478 Thread 0x00000000178e8000 nmethod 5280% 0x0000000003c39690 code [0x0000000003c39840, 0x0000000003c39f88]
Event: 12.478 Thread 0x00000000178e8000 5281 %     3       java.io.ObjectOutputStream$BlockDataOutputStream::writeBytes @ 95 (144 bytes)
Event: 12.479 Thread 0x00000000178e8000 nmethod 5281% 0x0000000003c3a310 code [0x0000000003c3a4e0, 0x0000000003c3ad38]
Event: 12.479 Thread 0x00000000178e8000 5284 % !   3       java.io.ObjectInputStream$BlockDataInputStream::readUTFSpan @ 53 (502 bytes)

GC Heap History (10 events):
Event: 8.834 GC heap before
{Heap before GC invocations=14 (full 1):
 PSYoungGen      total 274944K, used 267584K [0x00000000d5e00000, 0x00000000e7900000, 0x0000000100000000)
  eden space 267264K, 100% used [0x00000000d5e00000,0x00000000e6300000,0x00000000e6300000)
  from space 7680K, 4% used [0x00000000e7180000,0x00000000e71d0000,0x00000000e7900000)
  to   space 11264K, 0% used [0x00000000e6300000,0x00000000e6300000,0x00000000e6e00000)
 ParOldGen       total 56832K, used 25083K [0x0000000081a00000, 0x0000000085180000, 0x00000000d5e00000)
  object space 56832K, 44% used [0x0000000081a00000,0x000000008327ec70,0x0000000085180000)
 Metaspace       used 33113K, capacity 34692K, committed 34864K, reserved 1079296K
  class space    used 4169K, capacity 4910K, committed 4912K, reserved 1048576K
Event: 8.852 GC heap after
Heap after GC invocations=14 (full 1):
 PSYoungGen      total 278528K, used 9521K [0x00000000d5e00000, 0x00000000eda80000, 0x0000000100000000)
  eden space 267264K, 0% used [0x00000000d5e00000,0x00000000d5e00000,0x00000000e6300000)
  from space 11264K, 84% used [0x00000000e6300000,0x00000000e6c4c5a8,0x00000000e6e00000)
  to   space 12288K, 0% used [0x00000000ece80000,0x00000000ece80000,0x00000000eda80000)
 ParOldGen       total 56832K, used 25107K [0x0000000081a00000, 0x0000000085180000, 0x00000000d5e00000)
  object space 56832K, 44% used [0x0000000081a00000,0x0000000083284c70,0x0000000085180000)
 Metaspace       used 33113K, capacity 34692K, committed 34864K, reserved 1079296K
  class space    used 4169K, capacity 4910K, committed 4912K, reserved 1048576K
}
Event: 9.118 GC heap before
{Heap before GC invocations=15 (full 1):
 PSYoungGen      total 278528K, used 19176K [0x00000000d5e00000, 0x00000000eda80000, 0x0000000100000000)
  eden space 267264K, 3% used [0x00000000d5e00000,0x00000000d676dde0,0x00000000e6300000)
  from space 11264K, 84% used [0x00000000e6300000,0x00000000e6c4c5a8,0x00000000e6e00000)
  to   space 12288K, 0% used [0x00000000ece80000,0x00000000ece80000,0x00000000eda80000)
 ParOldGen       total 56832K, used 25107K [0x0000000081a00000, 0x0000000085180000, 0x00000000d5e00000)
  object space 56832K, 44% used [0x0000000081a00000,0x0000000083284c70,0x0000000085180000)
 Metaspace       used 33792K, capacity 35324K, committed 35496K, reserved 1079296K
  class space    used 4282K, capacity 5010K, committed 5040K, reserved 1048576K
Event: 9.133 GC heap after
Heap after GC invocations=15 (full 1):
 PSYoungGen      total 376832K, used 1206K [0x00000000d5e00000, 0x00000000ee300000, 0x0000000100000000)
  eden space 364544K, 0% used [0x00000000d5e00000,0x00000000d5e00000,0x00000000ec200000)
  from space 12288K, 9% used [0x00000000ece80000,0x00000000ecfadba0,0x00000000eda80000)
  to   space 12800K, 0% used [0x00000000ec200000,0x00000000ec200000,0x00000000ece80000)
 ParOldGen       total 56832K, used 32430K [0x0000000081a00000, 0x0000000085180000, 0x00000000d5e00000)
  object space 56832K, 57% used [0x0000000081a00000,0x00000000839abb08,0x0000000085180000)
 Metaspace       used 33792K, capacity 35324K, committed 35496K, reserved 1079296K
  class space    used 4282K, capacity 5010K, committed 5040K, reserved 1048576K
}
Event: 9.133 GC heap before
{Heap before GC invocations=16 (full 2):
 PSYoungGen      total 376832K, used 1206K [0x00000000d5e00000, 0x00000000ee300000, 0x0000000100000000)
  eden space 364544K, 0% used [0x00000000d5e00000,0x00000000d5e00000,0x00000000ec200000)
  from space 12288K, 9% used [0x00000000ece80000,0x00000000ecfadba0,0x00000000eda80000)
  to   space 12800K, 0% used [0x00000000ec200000,0x00000000ec200000,0x00000000ece80000)
 ParOldGen       total 56832K, used 32430K [0x0000000081a00000, 0x0000000085180000, 0x00000000d5e00000)
  object space 56832K, 57% used [0x0000000081a00000,0x00000000839abb08,0x0000000085180000)
 Metaspace       used 33792K, capacity 35324K, committed 35496K, reserved 1079296K
  class space    used 4282K, capacity 5010K, committed 5040K, reserved 1048576K
Event: 9.298 GC heap after
Heap after GC invocations=16 (full 2):
 PSYoungGen      total 376832K, used 0K [0x00000000d5e00000, 0x00000000ee300000, 0x0000000100000000)
  eden space 364544K, 0% used [0x00000000d5e00000,0x00000000d5e00000,0x00000000ec200000)
  from space 12288K, 0% used [0x00000000ece80000,0x00000000ece80000,0x00000000eda80000)
  to   space 12800K, 0% used [0x00000000ec200000,0x00000000ec200000,0x00000000ece80000)
 ParOldGen       total 97792K, used 23190K [0x0000000081a00000, 0x0000000087980000, 0x00000000d5e00000)
  object space 97792K, 23% used [0x0000000081a00000,0x00000000830a5988,0x0000000087980000)
 Metaspace       used 33792K, capacity 35324K, committed 35496K, reserved 1079296K
  class space    used 4282K, capacity 5010K, committed 5040K, reserved 1048576K
}
Event: 11.582 GC heap before
{Heap before GC invocations=17 (full 2):
 PSYoungGen      total 376832K, used 364544K [0x00000000d5e00000, 0x00000000ee300000, 0x0000000100000000)
  eden space 364544K, 100% used [0x00000000d5e00000,0x00000000ec200000,0x00000000ec200000)
  from space 12288K, 0% used [0x00000000ece80000,0x00000000ece80000,0x00000000eda80000)
  to   space 12800K, 0% used [0x00000000ec200000,0x00000000ec200000,0x00000000ece80000)
 ParOldGen       total 97792K, used 23190K [0x0000000081a00000, 0x0000000087980000, 0x00000000d5e00000)
  object space 97792K, 23% used [0x0000000081a00000,0x00000000830a5988,0x0000000087980000)
 Metaspace       used 36381K, capacity 38012K, committed 38440K, reserved 1083392K
  class space    used 4608K, capacity 5330K, committed 5424K, reserved 1048576K
Event: 11.655 GC heap after
Heap after GC invocations=17 (full 2):
 PSYoungGen      total 377344K, used 12773K [0x00000000d5e00000, 0x00000000ee300000, 0x0000000100000000)
  eden space 364544K, 0% used [0x00000000d5e00000,0x00000000d5e00000,0x00000000ec200000)
  from space 12800K, 99% used [0x00000000ec200000,0x00000000ece79578,0x00000000ece80000)
  to   space 12288K, 0% used [0x00000000ece80000,0x00000000ece80000,0x00000000eda80000)
 ParOldGen       total 97792K, used 90557K [0x0000000081a00000, 0x0000000087980000, 0x00000000d5e00000)
  object space 97792K, 92% used [0x0000000081a00000,0x000000008726f798,0x0000000087980000)
 Metaspace       used 36381K, capacity 38012K, committed 38440K, reserved 1083392K
  class space    used 4608K, capacity 5330K, committed 5424K, reserved 1048576K
}
Event: 11.655 GC heap before
{Heap before GC invocations=18 (full 3):
 PSYoungGen      total 377344K, used 12773K [0x00000000d5e00000, 0x00000000ee300000, 0x0000000100000000)
  eden space 364544K, 0% used [0x00000000d5e00000,0x00000000d5e00000,0x00000000ec200000)
  from space 12800K, 99% used [0x00000000ec200000,0x00000000ece79578,0x00000000ece80000)
  to   space 12288K, 0% used [0x00000000ece80000,0x00000000ece80000,0x00000000eda80000)
 ParOldGen       total 97792K, used 90557K [0x0000000081a00000, 0x0000000087980000, 0x00000000d5e00000)
  object space 97792K, 92% used [0x0000000081a00000,0x000000008726f798,0x0000000087980000)
 Metaspace       used 36381K, capacity 38012K, committed 38440K, reserved 1083392K
  class space    used 4608K, capacity 5330K, committed 5424K, reserved 1048576K
Event: 12.257 GC heap after
Heap after GC invocations=18 (full 3):
 PSYoungGen      total 377344K, used 3951K [0x00000000d5e00000, 0x00000000ee300000, 0x0000000100000000)
  eden space 364544K, 0% used [0x00000000d5e00000,0x00000000d5e00000,0x00000000ec200000)
  from space 12800K, 30% used [0x00000000ec200000,0x00000000ec5dbee0,0x00000000ece80000)
  to   space 12288K, 0% used [0x00000000ece80000,0x00000000ece80000,0x00000000eda80000)
 ParOldGen       total 97792K, used 97441K [0x0000000081a00000, 0x0000000087980000, 0x00000000d5e00000)
  object space 97792K, 99% used [0x0000000081a00000,0x0000000087928630,0x0000000087980000)
 Metaspace       used 36381K, capacity 38012K, committed 38440K, reserved 1083392K
  class space    used 4608K, capacity 5330K, committed 5424K, reserved 1048576K
}

Deoptimization events (10 events):
Event: 9.519 Thread 0x0000000019eda800 Uncommon trap: reason=unstable_if action=reinterpret pc=0x000000000342d7c8 method=java.awt.Component.numListening(J)I @ 77
Event: 9.519 Thread 0x0000000019eda800 Uncommon trap: reason=unstable_if action=reinterpret pc=0x0000000002ed27e8 method=java.awt.Container.adjustListeningChildren(JI)V @ 57
Event: 9.524 Thread 0x0000000019eda800 Uncommon trap: reason=bimorphic action=maybe_recompile pc=0x0000000003408ff8 method=java.util.regex.Pattern$BranchConn.match(Ljava/util/regex/Matcher;ILjava/lang/CharSequence;)Z @ 7
Event: 9.663 Thread 0x0000000019eda800 Uncommon trap: reason=bimorphic action=maybe_recompile pc=0x000000000370b2e8 method=java.util.HashMap.putVal(ILjava/lang/Object;Ljava/lang/Object;ZZ)Ljava/lang/Object; @ 203
Event: 9.664 Thread 0x0000000019eda800 Uncommon trap: reason=bimorphic action=maybe_recompile pc=0x000000000370b2e8 method=java.util.HashMap.putVal(ILjava/lang/Object;Ljava/lang/Object;ZZ)Ljava/lang/Object; @ 203
Event: 9.665 Thread 0x0000000019eda800 Uncommon trap: reason=unstable_if action=reinterpret pc=0x00000000031c254c method=java.util.HashMap.putVal(ILjava/lang/Object;Ljava/lang/Object;ZZ)Ljava/lang/Object; @ 162
Event: 9.665 Thread 0x0000000019eda800 Uncommon trap: reason=unstable_if action=reinterpret pc=0x0000000002f35b84 method=java.util.HashMap.putVal(ILjava/lang/Object;Ljava/lang/Object;ZZ)Ljava/lang/Object; @ 162
Event: 9.752 Thread 0x0000000019eda800 Uncommon trap: reason=unstable_if action=reinterpret pc=0x000000000397b1a0 method=sun.misc.FloatingDecimal.readJavaFormatString(Ljava/lang/String;)Lsun/misc/FloatingDecimal$ASCIIToBinaryConverter; @ 467
Event: 10.054 Thread 0x0000000019eda800 Uncommon trap: reason=unstable_if action=reinterpret pc=0x0000000002f58870 method=org.jdom.filter.ElementFilter.matches(Ljava/lang/Object;)Z @ 30
Event: 10.408 Thread 0x0000000019eda800 Uncommon trap: reason=bimorphic action=maybe_recompile pc=0x0000000003413454 method=java.util.Hashtable.put(Ljava/lang/Object;Ljava/lang/Object;)Ljava/lang/Object; @ 60

Internal exceptions (10 events):
Event: 10.507 Thread 0x0000000019eda800 Exception <a 'java/io/IOException'> (0x00000000de3af628) thrown at [C:\re\workspace\8-2-build-windows-amd64-cygwin\jdk8u45\3627\hotspot\src\share\vm\prims\jni.cpp, line 709]
Event: 10.507 Thread 0x0000000019eda800 Exception <a 'java/io/IOException'> (0x00000000de3af9e8) thrown at [C:\re\workspace\8-2-build-windows-amd64-cygwin\jdk8u45\3627\hotspot\src\share\vm\prims\jni.cpp, line 709]
Event: 10.508 Thread 0x0000000019eda800 Exception <a 'java/io/IOException'> (0x00000000de3b17c8) thrown at [C:\re\workspace\8-2-build-windows-amd64-cygwin\jdk8u45\3627\hotspot\src\share\vm\prims\jni.cpp, line 709]
Event: 10.508 Thread 0x0000000019eda800 Exception <a 'java/io/IOException'> (0x00000000de3b1b88) thrown at [C:\re\workspace\8-2-build-windows-amd64-cygwin\jdk8u45\3627\hotspot\src\share\vm\prims\jni.cpp, line 709]
Event: 10.567 Thread 0x0000000019eda800 Exception <a 'java/io/IOException'> (0x00000000de6d6c88) thrown at [C:\re\workspace\8-2-build-windows-amd64-cygwin\jdk8u45\3627\hotspot\src\share\vm\prims\jni.cpp, line 709]
Event: 10.567 Thread 0x0000000019eda800 Exception <a 'java/io/IOException'> (0x00000000de6d7048) thrown at [C:\re\workspace\8-2-build-windows-amd64-cygwin\jdk8u45\3627\hotspot\src\share\vm\prims\jni.cpp, line 709]
Event: 10.655 Thread 0x0000000019eda800 Exception <a 'java/io/IOException'> (0x00000000de789bc8) thrown at [C:\re\workspace\8-2-build-windows-amd64-cygwin\jdk8u45\3627\hotspot\src\share\vm\prims\jni.cpp, line 709]
Event: 10.655 Thread 0x0000000019eda800 Exception <a 'java/io/IOException'> (0x00000000de789f88) thrown at [C:\re\workspace\8-2-build-windows-amd64-cygwin\jdk8u45\3627\hotspot\src\share\vm\prims\jni.cpp, line 709]
Event: 12.281 Thread 0x0000000019eda800 Exception <a 'java/io/IOException'> (0x00000000d6304ce8) thrown at [C:\re\workspace\8-2-build-windows-amd64-cygwin\jdk8u45\3627\hotspot\src\share\vm\prims\jni.cpp, line 709]
Event: 12.281 Thread 0x0000000019eda800 Exception <a 'java/io/IOException'> (0x00000000d63050a8) thrown at [C:\re\workspace\8-2-build-windows-amd64-cygwin\jdk8u45\3627\hotspot\src\share\vm\prims\jni.cpp, line 709]

Events (10 events):
Event: 12.403 loading class java/io/ObjectOutputStream$ReplaceTable
Event: 12.404 loading class java/io/ObjectOutputStream$ReplaceTable done
Event: 12.408 loading class java/io/UnsupportedEncodingException
Event: 12.408 loading class java/io/UnsupportedEncodingException done
Event: 12.410 loading class java/util/function/UnaryOperator
Event: 12.410 loading class java/util/function/UnaryOperator done
Event: 12.410 loading class java/util/function/Consumer
Event: 12.410 loading class java/util/function/Consumer done
Event: 12.410 loading class java/util/function/Predicate
Event: 12.410 loading class java/util/function/Predicate done


Dynamic libraries:
0x00007ff7eec00000 - 0x00007ff7eec37000 	C:\Program Files\Java\jdk1.8.0_45\jre\bin\javaw.exe
0x00007ffb88a70000 - 0x00007ffb88c1d000 	C:\windows\SYSTEM32\ntdll.dll
0x00007ffb883e0000 - 0x00007ffb8851e000 	C:\windows\system32\KERNEL32.DLL
0x00007ffb85c70000 - 0x00007ffb85d85000 	C:\windows\system32\KERNELBASE.dll
0x00007ffb84630000 - 0x00007ffb846be000 	C:\windows\system32\apphelp.dll
0x00007ffb63b10000 - 0x00007ffb63b63000 	C:\windows\AppPatch\AppPatch64\AcGenral.DLL
0x00007ffb877e0000 - 0x00007ffb8788a000 	C:\windows\system32\msvcrt.dll
0x00007ffb860d0000 - 0x00007ffb860fe000 	C:\windows\system32\SspiCli.dll
0x00007ffb86100000 - 0x00007ffb86154000 	C:\windows\system32\SHLWAPI.dll
0x00007ffb88250000 - 0x00007ffb883c7000 	C:\windows\system32\USER32.dll
0x00007ffb87890000 - 0x00007ffb87a24000 	C:\windows\system32\ole32.dll
0x00007ffb862b0000 - 0x00007ffb877d9000 	C:\windows\system32\SHELL32.dll
0x00007ffb85160000 - 0x00007ffb85181000 	C:\windows\SYSTEM32\USERENV.dll
0x00007ffb88900000 - 0x00007ffb889aa000 	C:\windows\system32\ADVAPI32.dll
0x00007ffb78060000 - 0x00007ffb7807e000 	C:\windows\SYSTEM32\MPR.dll
0x00007ffb87ec0000 - 0x00007ffb88000000 	C:\windows\system32\RPCRT4.dll
0x00007ffb87be0000 - 0x00007ffb87c39000 	C:\windows\SYSTEM32\sechost.dll
0x00007ffb87c40000 - 0x00007ffb87e52000 	C:\windows\SYSTEM32\combase.dll
0x00007ffb887b0000 - 0x00007ffb888fb000 	C:\windows\system32\GDI32.dll
0x00007ffb85ba0000 - 0x00007ffb85bb5000 	C:\windows\SYSTEM32\profapi.dll
0x00007ffb83fc0000 - 0x00007ffb84072000 	C:\windows\SYSTEM32\SHCORE.dll
0x00007ffb88200000 - 0x00007ffb88236000 	C:\windows\system32\IMM32.DLL
0x00007ffb88650000 - 0x00007ffb887a1000 	C:\windows\system32\MSCTF.dll
0x00007ffb83920000 - 0x00007ffb83b9b000 	C:\windows\WinSxS\amd64_microsoft.windows.common-controls_6595b64144ccf1df_6.0.9600.18006_none_623f33d3ecbe86e8\COMCTL32.dll
0x000000005c430000 - 0x000000005c502000 	C:\Program Files\Java\jdk1.8.0_45\jre\bin\msvcr100.dll
0x000000005bba0000 - 0x000000005c423000 	C:\Program Files\Java\jdk1.8.0_45\jre\bin\server\jvm.dll
0x00007ffb78ac0000 - 0x00007ffb78ac9000 	C:\windows\SYSTEM32\WSOCK32.dll
0x00007ffb83390000 - 0x00007ffb833b2000 	C:\windows\SYSTEM32\WINMM.dll
0x00007ffb84e30000 - 0x00007ffb84e3a000 	C:\windows\SYSTEM32\VERSION.dll
0x00007ffb88240000 - 0x00007ffb88247000 	C:\windows\system32\PSAPI.DLL
0x00007ffb87e60000 - 0x00007ffb87eba000 	C:\windows\system32\WS2_32.dll
0x00007ffb83360000 - 0x00007ffb8338a000 	C:\windows\SYSTEM32\WINMMBASE.dll
0x00007ffb88520000 - 0x00007ffb88529000 	C:\windows\system32\NSI.dll
0x00007ffb86020000 - 0x00007ffb8606f000 	C:\windows\SYSTEM32\cfgmgr32.dll
0x00007ffb848b0000 - 0x00007ffb848d8000 	C:\windows\SYSTEM32\DEVOBJ.dll
0x000000005bb90000 - 0x000000005bb9f000 	C:\Program Files\Java\jdk1.8.0_45\jre\bin\verify.dll
0x000000005bb60000 - 0x000000005bb89000 	C:\Program Files\Java\jdk1.8.0_45\jre\bin\java.dll
0x000000005bb40000 - 0x000000005bb56000 	C:\Program Files\Java\jdk1.8.0_45\jre\bin\zip.dll
0x000000005bb30000 - 0x000000005bb3d000 	C:\Program Files\Java\jdk1.8.0_45\jre\bin\management.dll
0x000000005b990000 - 0x000000005bb28000 	C:\Program Files\Java\jdk1.8.0_45\jre\bin\awt.dll
0x00007ffb86170000 - 0x00007ffb86236000 	C:\windows\system32\OLEAUT32.dll
0x00007ffb84720000 - 0x00007ffb84849000 	C:\windows\system32\uxtheme.dll
0x00007ffb72a20000 - 0x00007ffb72af9000 	c:\Program Files\Hewlett-Packard\HP ProtectTools Security Manager\Bin\DpoFeedb.dll
0x00007ffb83dc0000 - 0x00007ffb83de1000 	C:\windows\system32\dwmapi.dll
0x00007ffb848a0000 - 0x00007ffb848ab000 	C:\windows\SYSTEM32\kernel.appcore.dll
0x00007ffb85a10000 - 0x00007ffb85a1b000 	C:\windows\SYSTEM32\CRYPTBASE.dll
0x00007ffb859a0000 - 0x00007ffb85a03000 	C:\windows\SYSTEM32\bcryptPrimitives.dll
0x00007ffb75260000 - 0x00007ffb752b8000 	c:\Program Files\Hewlett-Packard\HP ProtectTools Security Manager\Bin\DpoSet.dll
0x000000005b940000 - 0x000000005b987000 	C:\Program Files\Java\jdk1.8.0_45\jre\bin\fontmanager.dll
0x000000005b920000 - 0x000000005b93a000 	C:\Program Files\Java\jdk1.8.0_45\jre\bin\net.dll
0x00007ffb853d0000 - 0x00007ffb85429000 	C:\windows\system32\mswsock.dll
0x000000005b900000 - 0x000000005b911000 	C:\Program Files\Java\jdk1.8.0_45\jre\bin\nio.dll
0x00007ffb85430000 - 0x00007ffb85450000 	C:\windows\SYSTEM32\CRYPTSP.dll
0x00007ffb85050000 - 0x00007ffb85086000 	C:\windows\system32\rsaenh.dll
0x00007ffb85680000 - 0x00007ffb856a6000 	C:\windows\SYSTEM32\bcrypt.dll
0x00007ffb80490000 - 0x00007ffb804ba000 	C:\windows\SYSTEM32\IPHLPAPI.DLL
0x00007ffb80410000 - 0x00007ffb8041a000 	C:\windows\SYSTEM32\WINNSI.DLL
0x00007ffb7fc60000 - 0x00007ffb7fc76000 	C:\windows\SYSTEM32\dhcpcsvc6.DLL
0x00007ffb7fd40000 - 0x00007ffb7fd5a000 	C:\windows\SYSTEM32\dhcpcsvc.DLL
0x000000005b8b0000 - 0x000000005b8f1000 	C:\Program Files\Java\jdk1.8.0_45\jre\bin\t2k.dll
0x000000005b870000 - 0x000000005b8a1000 	C:\Program Files\Java\jdk1.8.0_45\jre\bin\jpeg.dll
0x00007ffb889b0000 - 0x00007ffb88a66000 	C:\windows\SYSTEM32\clbcatq.dll
0x00007ffb83be0000 - 0x00007ffb83d8e000 	C:\windows\SYSTEM32\WindowsCodecs.dll
0x00007ffb67120000 - 0x00007ffb671c4000 	C:\windows\WinSxS\amd64_microsoft.windows.common-controls_6595b64144ccf1df_5.82.9600.17810_none_34ae2abd958aedeb\comctl32.dll
0x00007ffb7dbe0000 - 0x00007ffb7dd69000 	C:\windows\SYSTEM32\dbghelp.dll

VM Arguments:
java_command: com.st.microxplorer.maingui.STM32CubeMX C:\Users\User\Desktop\àåðéáøñéèä\ùðä á\øùúåú îçùáéí 1\projects\lab2\lab2.ioc
java_class_path (initial): C:\Program Files (x86)\STMicroelectronics\STM32Cube\STM32CubeMX\STM32CubeMX.exe;anything
Launcher Type: SUN_STANDARD

Environment Variables:
PATH=C:\Program Files (x86)\STMicroelectronics\STM32Cube\STM32CubeMX\;C:\windows;C:\windows\system32;C:\windows\System32\Wbem;C:\ProgramData\Oracle\Java\javapath;C:\Users\User\Desktop\opencv\build\x86\vc12\bin;C:\Program Files\Microsoft SQL Server\110\Tools\Binn\;C:\Program Files (x86)\Microsoft SDKs\TypeScript\1.0\;C:\Program Files\Git\cmd;C:\opencv\build;C:\Program Files\nodejs\;%LOCALAPPDATA%/Android\sdk\platform-toolsþ;C:\Program Files\Heroku\bin\;C:\Program Files\dotnet\;C:\Users\User\AppData\Local\Programs\Python\Python37\Scripts\;C:\Users\User\AppData\Local\Programs\Python\Python37\;C:\Users\User\AppData\Local\Code\bin;C:\Program Files (x86)\Dr. Memory\bin\;C:\Users\User\AppData\Local\nasm;C:\Python27;C:\Users\User\AppData\Roaming\npm;C:\Users\User\AppData\Local\atom\bin;C:\Users\User\AppData\Local/Android\sdk\platform-toolsþ;C:\Program Files\Heroku\bin\;C:\Program Files (x86)\Nmap;C:\Program Files\Java\jdk1.8.0_45\jre\bin
USERNAME=User
OS=Windows_NT
PROCESSOR_IDENTIFIER=Intel64 Family 6 Model 61 Stepping 4, GenuineIntel



---------------  S Y S T E M  ---------------

OS: Windows 8.1 , 64 bit Build 9600 (6.3.9600.17415)

CPU:total 4 (2 cores per cpu, 2 threads per core) family 6 model 61 stepping 4, cmov, cx8, fxsr, mmx, sse, sse2, sse3, ssse3, sse4.1, sse4.2, popcnt, avx, avx2, aes, clmul, erms, 3dnowpref, lzcnt, ht, tsc, tscinvbit, bmi1, bmi2, adx

Memory: 4k page, physical 8277080k(848392k free), swap 8277080k(6008k free)

vm_info: Java HotSpot(TM) 64-Bit Server VM (25.45-b02) for windows-amd64 JRE (1.8.0_45-b15), built on Apr 30 2015 12:40:44 by "java_re" with MS VC++ 10.0 (VS2010)

time: Sun Apr 05 20:02:10 2020
elapsed time: 12 seconds (0d 0h 0m 12s)

